android/app/build/intermediates/manifest_merge_blame_file/release/manifest-merger-blame-release-report.txt
1<?xml version="1.0" encoding="utf-8"?>
2<manifest xmlns:android="http://schemas.android.com/apk/res/android"
3    package="com.alcare.android"
4    android:versionCode="15"
5    android:versionName="1.2.3" >
6
7    <uses-sdk
8        android:minSdkVersion="21"
8-->src/main/AndroidManifest.xml
9        android:targetSdkVersion="31" />
9-->src/main/AndroidManifest.xml
10
11    <uses-permission android:name="android.permission.INTERNET" />
11-->src/main/AndroidManifest.xml:4:5-67
11-->src/main/AndroidManifest.xml:4:22-64
12    <uses-permission android:name="android.permission.CAMERA" />
12-->src/main/AndroidManifest.xml:5:5-64
12-->src/main/AndroidManifest.xml:5:22-62
13    <uses-permission android:name="android.permission.READ_EXTERNAL_STORAGE" />
13-->src/main/AndroidManifest.xml:6:5-80
13-->src/main/AndroidManifest.xml:6:22-77
14    <uses-permission android:name="android.permission.WRITE_EXTERNAL_STORAGE" />
14-->src/main/AndroidManifest.xml:7:5-81
14-->src/main/AndroidManifest.xml:7:22-78
15    <uses-permission android:name="android.permission.DOWNLOAD_WITHOUT_NOTIFICATION" />
15-->src/main/AndroidManifest.xml:8:5-88
15-->src/main/AndroidManifest.xml:8:22-85
16    <uses-permission android:name="android.permission.VIBRATE" />
16-->src/main/AndroidManifest.xml:9:5-66
16-->src/main/AndroidManifest.xml:9:22-63
17    <uses-permission android:name="android.permission.ACCESS_FINE_LOCATION" />
17-->src/main/AndroidManifest.xml:10:5-78
17-->src/main/AndroidManifest.xml:10:22-76
18    <uses-permission android:name="android.permission.RECEIVE_BOOT_COMPLETED" />
18-->src/main/AndroidManifest.xml:11:5-80
18-->src/main/AndroidManifest.xml:11:22-78
19
20    <uses-feature
20-->src/main/AndroidManifest.xml:12:5-85
21        android:name="android.hardware.camera"
21-->src/main/AndroidManifest.xml:12:19-57
22        android:required="false" />
22-->src/main/AndroidManifest.xml:12:58-82
23    <uses-feature
23-->src/main/AndroidManifest.xml:13:5-91
24        android:name="android.hardware.camera.front"
24-->src/main/AndroidManifest.xml:13:19-63
25        android:required="false" />
25-->src/main/AndroidManifest.xml:13:64-88
26
27    <uses-permission android:name="android.permission.ACCESS_NETWORK_STATE" />
27-->[:react-native-community_netinfo] AndroidManifest.xml:9:5-79
27-->[:react-native-community_netinfo] AndroidManifest.xml:9:22-76
28    <uses-permission android:name="android.permission.ACCESS_WIFI_STATE" />
28-->[:react-native-community_netinfo] AndroidManifest.xml:10:5-76
28-->[:react-native-community_netinfo] AndroidManifest.xml:10:22-73
29    <uses-permission android:name="android.permission.WAKE_LOCK" />
29-->[:react-native-firebase_messaging] AndroidManifest.xml:10:5-68
29-->[:react-native-firebase_messaging] AndroidManifest.xml:10:22-65
30
31    <queries>
31-->[:react-native-image-crop-picker] AndroidManifest.xml:9:5-13:15
32        <intent>
32-->[:react-native-image-crop-picker] AndroidManifest.xml:10:9-12:18
33            <action android:name="android.media.action.IMAGE_CAPTURE" />
33-->[:react-native-image-crop-picker] AndroidManifest.xml:11:13-73
33-->[:react-native-image-crop-picker] AndroidManifest.xml:11:21-70
34        </intent>
35        <!-- Needs to be explicitly declared on Android R+ -->
36        <package android:name="com.google.android.apps.maps" />
36-->[com.google.android.gms:play-services-maps:18.0.2] AndroidManifest.xml:33:9-64
36-->[com.google.android.gms:play-services-maps:18.0.2] AndroidManifest.xml:33:18-61
37    </queries> <!-- Required to access Google Play Licensing -->
38    <uses-permission android:name="com.android.vending.CHECK_LICENSE" />
38-->[:rn-fetch-blob] AndroidManifest.xml:10:5-73
38-->[:rn-fetch-blob] AndroidManifest.xml:10:22-70
39    <uses-permission android:name="android.permission.POST_NOTIFICATIONS" /> <!-- Required by older versions of Google Play services to create IID tokens -->
39-->[com.google.firebase:firebase-messaging:23.0.7] AndroidManifest.xml:26:5-77
39-->[com.google.firebase:firebase-messaging:23.0.7] AndroidManifest.xml:26:22-74
40    <uses-permission android:name="com.google.android.c2dm.permission.RECEIVE" />
40-->[com.google.firebase:firebase-messaging:23.0.7] AndroidManifest.xml:29:5-82
40-->[com.google.firebase:firebase-messaging:23.0.7] AndroidManifest.xml:29:22-79
41
42    <uses-feature
42-->[com.google.android.gms:play-services-maps:18.0.2] AndroidManifest.xml:26:5-28:35
43        android:glEsVersion="0x00020000"
43-->[com.google.android.gms:play-services-maps:18.0.2] AndroidManifest.xml:27:9-41
44        android:required="true" />
44-->[com.google.android.gms:play-services-maps:18.0.2] AndroidManifest.xml:28:9-32
45
46    <uses-permission android:name="android.permission.FOREGROUND_SERVICE" />
46-->[androidx.work:work-runtime:2.7.1] AndroidManifest.xml:28:5-77
46-->[androidx.work:work-runtime:2.7.1] AndroidManifest.xml:28:22-74
47    <uses-permission android:name="com.google.android.finsky.permission.BIND_GET_INSTALL_REFERRER_SERVICE" /> <!-- for android -->
47-->[com.android.installreferrer:installreferrer:1.1.2] AndroidManifest.xml:9:5-110
47-->[com.android.installreferrer:installreferrer:1.1.2] AndroidManifest.xml:9:22-107
48    <!-- <uses-permission android:name="com.android.launcher.permission.READ_SETTINGS"/> -->
49    <!-- <uses-permission android:name="com.android.launcher.permission.WRITE_SETTINGS"/> -->
50    <!-- <uses-permission android:name="com.android.launcher.permission.INSTALL_SHORTCUT" /> -->
51    <!-- <uses-permission android:name="com.android.launcher.permission.UNINSTALL_SHORTCUT" /> -->
52    <!-- for Samsung -->
53    <uses-permission android:name="com.sec.android.provider.badge.permission.READ" />
53-->[me.leolin:ShortcutBadger:1.1.22] AndroidManifest.xml:19:5-86
53-->[me.leolin:ShortcutBadger:1.1.22] AndroidManifest.xml:19:22-83
54    <uses-permission android:name="com.sec.android.provider.badge.permission.WRITE" /> <!-- for htc -->
54-->[me.leolin:ShortcutBadger:1.1.22] AndroidManifest.xml:20:5-87
54-->[me.leolin:ShortcutBadger:1.1.22] AndroidManifest.xml:20:22-84
55    <uses-permission android:name="com.htc.launcher.permission.READ_SETTINGS" />
55-->[me.leolin:ShortcutBadger:1.1.22] AndroidManifest.xml:23:5-81
55-->[me.leolin:ShortcutBadger:1.1.22] AndroidManifest.xml:23:22-78
56    <uses-permission android:name="com.htc.launcher.permission.UPDATE_SHORTCUT" /> <!-- for sony -->
56-->[me.leolin:ShortcutBadger:1.1.22] AndroidManifest.xml:24:5-83
56-->[me.leolin:ShortcutBadger:1.1.22] AndroidManifest.xml:24:22-80
57    <uses-permission android:name="com.sonyericsson.home.permission.BROADCAST_BADGE" />
57-->[me.leolin:ShortcutBadger:1.1.22] AndroidManifest.xml:27:5-88
57-->[me.leolin:ShortcutBadger:1.1.22] AndroidManifest.xml:27:22-85
58    <uses-permission android:name="com.sonymobile.home.permission.PROVIDER_INSERT_BADGE" /> <!-- for apex -->
58-->[me.leolin:ShortcutBadger:1.1.22] AndroidManifest.xml:28:5-92
58-->[me.leolin:ShortcutBadger:1.1.22] AndroidManifest.xml:28:22-89
59    <uses-permission android:name="com.anddoes.launcher.permission.UPDATE_COUNT" /> <!-- for solid -->
59-->[me.leolin:ShortcutBadger:1.1.22] AndroidManifest.xml:31:5-84
59-->[me.leolin:ShortcutBadger:1.1.22] AndroidManifest.xml:31:22-81
60    <uses-permission android:name="com.majeur.launcher.permission.UPDATE_BADGE" /> <!-- for huawei -->
60-->[me.leolin:ShortcutBadger:1.1.22] AndroidManifest.xml:34:5-83
60-->[me.leolin:ShortcutBadger:1.1.22] AndroidManifest.xml:34:22-80
61    <uses-permission android:name="com.huawei.android.launcher.permission.CHANGE_BADGE" />
61-->[me.leolin:ShortcutBadger:1.1.22] AndroidManifest.xml:37:5-91
61-->[me.leolin:ShortcutBadger:1.1.22] AndroidManifest.xml:37:22-88
62    <uses-permission android:name="com.huawei.android.launcher.permission.READ_SETTINGS" />
62-->[me.leolin:ShortcutBadger:1.1.22] AndroidManifest.xml:38:5-92
62-->[me.leolin:ShortcutBadger:1.1.22] AndroidManifest.xml:38:22-89
63    <uses-permission android:name="com.huawei.android.launcher.permission.WRITE_SETTINGS" /> <!-- for ZUK -->
63-->[me.leolin:ShortcutBadger:1.1.22] AndroidManifest.xml:39:5-93
63-->[me.leolin:ShortcutBadger:1.1.22] AndroidManifest.xml:39:22-90
64    <uses-permission android:name="android.permission.READ_APP_BADGE" /> <!-- for OPPO -->
64-->[me.leolin:ShortcutBadger:1.1.22] AndroidManifest.xml:42:5-73
64-->[me.leolin:ShortcutBadger:1.1.22] AndroidManifest.xml:42:22-70
65    <uses-permission android:name="com.oppo.launcher.permission.READ_SETTINGS" />
65-->[me.leolin:ShortcutBadger:1.1.22] AndroidManifest.xml:45:5-82
65-->[me.leolin:ShortcutBadger:1.1.22] AndroidManifest.xml:45:22-79
66    <uses-permission android:name="com.oppo.launcher.permission.WRITE_SETTINGS" /> <!-- for EvMe -->
66-->[me.leolin:ShortcutBadger:1.1.22] AndroidManifest.xml:46:5-83
66-->[me.leolin:ShortcutBadger:1.1.22] AndroidManifest.xml:46:22-80
67    <uses-permission android:name="me.everything.badger.permission.BADGE_COUNT_READ" />
67-->[me.leolin:ShortcutBadger:1.1.22] AndroidManifest.xml:49:5-88
67-->[me.leolin:ShortcutBadger:1.1.22] AndroidManifest.xml:49:22-85
68    <uses-permission android:name="me.everything.badger.permission.BADGE_COUNT_WRITE" />
68-->[me.leolin:ShortcutBadger:1.1.22] AndroidManifest.xml:50:5-89
68-->[me.leolin:ShortcutBadger:1.1.22] AndroidManifest.xml:50:22-86
69
70    <application
70-->src/main/AndroidManifest.xml:14:5-63:19
71        android:name="com.alcare.MainApplication"
71-->src/main/AndroidManifest.xml:15:7-38
72        android:allowBackup="false"
72-->src/main/AndroidManifest.xml:19:7-34
73        android:appComponentFactory="androidx.core.app.CoreComponentFactory"
73-->[androidx.core:core:1.6.0] AndroidManifest.xml:24:18-86
74        android:exported="true"
74-->src/main/AndroidManifest.xml:18:7-30
75        android:icon="@mipmap/ic_launcher"
75-->src/main/AndroidManifest.xml:17:7-41
76        android:label="@string/app_name"
76-->src/main/AndroidManifest.xml:16:7-39
77        android:theme="@style/AppTheme" >
77-->src/main/AndroidManifest.xml:20:7-38
78        <activity
78-->src/main/AndroidManifest.xml:21:7-34:18
79            android:name="com.alcare.MainActivity"
79-->src/main/AndroidManifest.xml:22:9-37
80            android:configChanges="keyboard|keyboardHidden|orientation|screenLayout|screenSize|smallestScreenSize|uiMode"
80-->src/main/AndroidManifest.xml:25:9-118
81            android:exported="true"
81-->src/main/AndroidManifest.xml:28:9-32
82            android:label="@string/app_name"
82-->src/main/AndroidManifest.xml:24:9-41
83            android:launchMode="singleTask"
83-->src/main/AndroidManifest.xml:26:9-40
84            android:screenOrientation="portrait"
84-->src/main/AndroidManifest.xml:23:11-47
85            android:windowSoftInputMode="adjustPan" >
85-->src/main/AndroidManifest.xml:27:9-48
86            <intent-filter>
86-->src/main/AndroidManifest.xml:29:9-33:25
87                <action android:name="android.intent.action.MAIN" />
87-->src/main/AndroidManifest.xml:30:13-65
87-->src/main/AndroidManifest.xml:30:21-62
88
89                <category android:name="android.intent.category.LAUNCHER" />
89-->src/main/AndroidManifest.xml:31:13-73
89-->src/main/AndroidManifest.xml:31:23-70
90
91                <action android:name="android.intent.action.DOWNLOAD_COMPLETE" />
91-->src/main/AndroidManifest.xml:32:13-78
91-->src/main/AndroidManifest.xml:32:21-75
92            </intent-filter>
93        </activity>
94
95        <meta-data
95-->src/main/AndroidManifest.xml:35:7-37:64
96            android:name="com.google.android.geo.API_KEY"
96-->src/main/AndroidManifest.xml:36:7-52
97            android:value="AIzaSyAd1sKNg64YMTAL6CCqCWiyV7CX3xZbJYU" />
97-->src/main/AndroidManifest.xml:37:7-62
98        <!-- Change the value to true to enable pop-up for in foreground on receiving remote notifications (for prevent duplicating while showing local notifications set this to false) -->
99        <meta-data
99-->src/main/AndroidManifest.xml:39:9-40:43
100            android:name="com.dieam.reactnativepushnotification.notification_foreground"
100-->src/main/AndroidManifest.xml:39:21-97
101            android:value="true" />
101-->src/main/AndroidManifest.xml:40:21-41
102        <!-- Change the resource name to your App's accent color - or any other color you want -->
103        <meta-data
103-->src/main/AndroidManifest.xml:42:9-43:54
104            android:name="com.dieam.reactnativepushnotification.notification_color"
104-->src/main/AndroidManifest.xml:42:21-92
105            android:resource="@color/white" /> <!-- or @android:color/{name} to use a standard color -->
105-->src/main/AndroidManifest.xml:43:21-52
106
107        <receiver android:name="com.dieam.reactnativepushnotification.modules.RNPushNotificationActions" />
107-->src/main/AndroidManifest.xml:45:9-108
107-->src/main/AndroidManifest.xml:45:19-105
108        <receiver android:name="com.dieam.reactnativepushnotification.modules.RNPushNotificationPublisher" />
108-->src/main/AndroidManifest.xml:46:9-110
108-->src/main/AndroidManifest.xml:46:19-107
109        <receiver
109-->src/main/AndroidManifest.xml:47:9-54:20
110            android:name="com.dieam.reactnativepushnotification.modules.RNPushNotificationBootEventReceiver"
110-->src/main/AndroidManifest.xml:47:19-115
111            android:exported="true" >
111-->src/main/AndroidManifest.xml:48:13-36
112            <intent-filter>
112-->src/main/AndroidManifest.xml:49:13-53:29
113                <action android:name="android.intent.action.BOOT_COMPLETED" />
113-->src/main/AndroidManifest.xml:50:17-79
113-->src/main/AndroidManifest.xml:50:25-76
114                <action android:name="android.intent.action.QUICKBOOT_POWERON" />
114-->src/main/AndroidManifest.xml:51:17-82
114-->src/main/AndroidManifest.xml:51:25-79
115                <action android:name="com.htc.intent.action.QUICKBOOT_POWERON" />
115-->src/main/AndroidManifest.xml:52:17-81
115-->src/main/AndroidManifest.xml:52:25-79
116            </intent-filter>
117        </receiver>
118
119        <service
119-->src/main/AndroidManifest.xml:56:9-62:19
120            android:name="com.dieam.reactnativepushnotification.modules.RNPushNotificationListenerService"
120-->src/main/AndroidManifest.xml:57:13-107
121            android:exported="true" >
121-->src/main/AndroidManifest.xml:58:13-36
122            <intent-filter>
122-->src/main/AndroidManifest.xml:59:13-61:29
123                <action android:name="com.google.firebase.MESSAGING_EVENT" />
123-->src/main/AndroidManifest.xml:60:17-78
123-->src/main/AndroidManifest.xml:60:25-75
124            </intent-filter>
125        </service>
126        <service
126-->[:react-native-firebase_messaging] AndroidManifest.xml:14:9-16:40
127            android:name="io.invertase.firebase.messaging.ReactNativeFirebaseMessagingHeadlessService"
127-->[:react-native-firebase_messaging] AndroidManifest.xml:15:13-103
128            android:exported="false" />
128-->[:react-native-firebase_messaging] AndroidManifest.xml:16:13-37
129        <service
129-->[:react-native-firebase_messaging] AndroidManifest.xml:17:9-23:19
130            android:name="io.invertase.firebase.messaging.ReactNativeFirebaseMessagingService"
130-->[:react-native-firebase_messaging] AndroidManifest.xml:18:13-95
131            android:exported="false" >
131-->[:react-native-firebase_messaging] AndroidManifest.xml:19:13-37
132            <intent-filter>
132-->src/main/AndroidManifest.xml:59:13-61:29
133                <action android:name="com.google.firebase.MESSAGING_EVENT" />
133-->src/main/AndroidManifest.xml:60:17-78
133-->src/main/AndroidManifest.xml:60:25-75
134            </intent-filter>
135        </service>
136
137        <receiver
137-->[:react-native-firebase_messaging] AndroidManifest.xml:25:9-32:20
138            android:name="io.invertase.firebase.messaging.ReactNativeFirebaseMessagingReceiver"
138-->[:react-native-firebase_messaging] AndroidManifest.xml:26:13-96
139            android:exported="true"
139-->[:react-native-firebase_messaging] AndroidManifest.xml:27:13-36
140            android:permission="com.google.android.c2dm.permission.SEND" >
140-->[:react-native-firebase_messaging] AndroidManifest.xml:28:13-73
141            <intent-filter>
141-->[:react-native-firebase_messaging] AndroidManifest.xml:29:13-31:29
142                <action android:name="com.google.android.c2dm.intent.RECEIVE" />
142-->[:react-native-firebase_messaging] AndroidManifest.xml:30:17-81
142-->[:react-native-firebase_messaging] AndroidManifest.xml:30:25-78
143            </intent-filter>
144        </receiver>
145
146        <meta-data
146-->[:react-native-firebase_messaging] AndroidManifest.xml:34:9-36:36
147            android:name="firebase_messaging_auto_init_enabled"
147-->[:react-native-firebase_messaging] AndroidManifest.xml:35:13-64
148            android:value="true" />
148-->[:react-native-firebase_messaging] AndroidManifest.xml:36:13-33
149        <meta-data
149-->[:react-native-firebase_messaging] AndroidManifest.xml:37:9-39:32
150            android:name="com.google.firebase.messaging.default_notification_channel_id"
150-->[:react-native-firebase_messaging] AndroidManifest.xml:38:13-89
151            android:value="" />
151-->[:react-native-firebase_messaging] AndroidManifest.xml:39:13-29
152        <meta-data
152-->[:react-native-firebase_messaging] AndroidManifest.xml:40:9-42:47
153            android:name="com.google.firebase.messaging.default_notification_color"
153-->[:react-native-firebase_messaging] AndroidManifest.xml:41:13-84
154            android:resource="@color/white" />
154-->[:react-native-firebase_messaging] AndroidManifest.xml:42:13-44
155        <meta-data
155-->[:react-native-firebase_app] AndroidManifest.xml:11:9-13:36
156            android:name="app_data_collection_default_enabled"
156-->[:react-native-firebase_app] AndroidManifest.xml:12:13-63
157            android:value="true" />
157-->[:react-native-firebase_app] AndroidManifest.xml:13:13-33
158
159        <service
159-->[:react-native-firebase_app] AndroidManifest.xml:15:9-23:19
160            android:name="com.google.firebase.components.ComponentDiscoveryService"
160-->[:react-native-firebase_app] AndroidManifest.xml:16:13-84
161            android:directBootAware="true"
161-->[:react-native-firebase_app] AndroidManifest.xml:17:13-43
162            android:exported="false" >
162-->[:react-native-firebase_app] AndroidManifest.xml:18:13-37
163            <meta-data
163-->[:react-native-firebase_app] AndroidManifest.xml:20:13-22:85
164                android:name="com.google.firebase.components:io.invertase.firebase.app.ReactNativeFirebaseAppRegistrar"
164-->[:react-native-firebase_app] AndroidManifest.xml:21:17-120
165                android:value="com.google.firebase.components.ComponentRegistrar" />
165-->[:react-native-firebase_app] AndroidManifest.xml:22:17-82
166            <meta-data
166-->[com.google.firebase:firebase-messaging:23.0.7] AndroidManifest.xml:56:13-58:85
167                android:name="com.google.firebase.components:com.google.firebase.messaging.FirebaseMessagingRegistrar"
167-->[com.google.firebase:firebase-messaging:23.0.7] AndroidManifest.xml:57:17-119
168                android:value="com.google.firebase.components.ComponentRegistrar" />
168-->[com.google.firebase:firebase-messaging:23.0.7] AndroidManifest.xml:58:17-82
169            <meta-data
169-->[com.google.firebase:firebase-datatransport:18.1.5] AndroidManifest.xml:28:13-30:85
170                android:name="com.google.firebase.components:com.google.firebase.datatransport.TransportRegistrar"
170-->[com.google.firebase:firebase-datatransport:18.1.5] AndroidManifest.xml:29:17-115
171                android:value="com.google.firebase.components.ComponentRegistrar" />
171-->[com.google.firebase:firebase-datatransport:18.1.5] AndroidManifest.xml:30:17-82
172            <meta-data
172-->[com.google.firebase:firebase-installations:17.0.1] AndroidManifest.xml:18:13-20:85
173                android:name="com.google.firebase.components:com.google.firebase.installations.FirebaseInstallationsRegistrar"
173-->[com.google.firebase:firebase-installations:17.0.1] AndroidManifest.xml:19:17-127
174                android:value="com.google.firebase.components.ComponentRegistrar" />
174-->[com.google.firebase:firebase-installations:17.0.1] AndroidManifest.xml:20:17-82
175        </service>
176
177        <provider
177-->[:react-native-firebase_app] AndroidManifest.xml:25:9-29:38
178            android:name="io.invertase.firebase.app.ReactNativeFirebaseAppInitProvider"
178-->[:react-native-firebase_app] AndroidManifest.xml:26:13-88
179            android:authorities="com.alcare.android.reactnativefirebaseappinitprovider"
179-->[:react-native-firebase_app] AndroidManifest.xml:27:13-86
180            android:exported="false"
180-->[:react-native-firebase_app] AndroidManifest.xml:28:13-37
181            android:initOrder="99" />
181-->[:react-native-firebase_app] AndroidManifest.xml:29:13-35
182        <provider
182-->[:react-native-image-crop-picker] AndroidManifest.xml:18:9-26:20
183            android:name="com.reactnative.ivpusic.imagepicker.IvpusicImagePickerFileProvider"
183-->[:react-native-image-crop-picker] AndroidManifest.xml:19:13-94
184            android:authorities="com.alcare.android.provider"
184-->[:react-native-image-crop-picker] AndroidManifest.xml:20:13-60
185            android:exported="false"
185-->[:react-native-image-crop-picker] AndroidManifest.xml:21:13-37
186            android:grantUriPermissions="true" >
186-->[:react-native-image-crop-picker] AndroidManifest.xml:22:13-47
187            <meta-data
187-->[:react-native-image-crop-picker] AndroidManifest.xml:23:13-25:78
188                android:name="android.support.FILE_PROVIDER_PATHS"
188-->[:react-native-image-crop-picker] AndroidManifest.xml:24:17-67
189                android:resource="@xml/ivpusic_imagepicker_provider_paths" />
189-->[:react-native-image-crop-picker] AndroidManifest.xml:25:17-75
190        </provider>
191
192        <activity
192-->[:react-native-image-crop-picker] AndroidManifest.xml:28:9-30:72
193            android:name="com.yalantis.ucrop.UCropActivity"
193-->[:react-native-image-crop-picker] AndroidManifest.xml:29:13-60
194            android:theme="@style/Theme.AppCompat.Light.NoActionBar" />
194-->[:react-native-image-crop-picker] AndroidManifest.xml:30:13-69
195
196        <provider
196-->[:react-native-webview] AndroidManifest.xml:10:9-18:20
197            android:name="com.reactnativecommunity.webview.RNCWebViewFileProvider"
197-->[:react-native-webview] AndroidManifest.xml:11:13-83
198            android:authorities="com.alcare.android.fileprovider"
198-->[:react-native-webview] AndroidManifest.xml:12:13-64
199            android:exported="false"
199-->[:react-native-webview] AndroidManifest.xml:13:13-37
200            android:grantUriPermissions="true" >
200-->[:react-native-webview] AndroidManifest.xml:14:13-47
201            <meta-data
201-->[:react-native-image-crop-picker] AndroidManifest.xml:23:13-25:78
202                android:name="android.support.FILE_PROVIDER_PATHS"
202-->[:react-native-image-crop-picker] AndroidManifest.xml:24:17-67
203                android:resource="@xml/file_provider_paths" />
203-->[:react-native-image-crop-picker] AndroidManifest.xml:25:17-75
204        </provider>
205        <provider
205-->[:rn-fetch-blob] AndroidManifest.xml:34:9-42:20
206            android:name="com.RNFetchBlob.Utils.FileProvider"
206-->[:rn-fetch-blob] AndroidManifest.xml:35:13-62
207            android:authorities="com.alcare.android.provider"
207-->[:rn-fetch-blob] AndroidManifest.xml:36:13-60
208            android:exported="false"
208-->[:rn-fetch-blob] AndroidManifest.xml:37:13-37
209            android:grantUriPermissions="true" >
209-->[:rn-fetch-blob] AndroidManifest.xml:38:13-47
210            <meta-data
210-->[:react-native-image-crop-picker] AndroidManifest.xml:23:13-25:78
211                android:name="android.support.FILE_PROVIDER_PATHS"
211-->[:react-native-image-crop-picker] AndroidManifest.xml:24:17-67
212                android:resource="@xml/provider_paths" />
212-->[:react-native-image-crop-picker] AndroidManifest.xml:25:17-75
213        </provider>
214
215        <receiver
215-->[com.google.firebase:firebase-messaging:23.0.7] AndroidManifest.xml:32:9-39:20
216            android:name="com.google.firebase.iid.FirebaseInstanceIdReceiver"
216-->[com.google.firebase:firebase-messaging:23.0.7] AndroidManifest.xml:33:13-78
217            android:exported="true"
217-->[com.google.firebase:firebase-messaging:23.0.7] AndroidManifest.xml:34:13-36
218            android:permission="com.google.android.c2dm.permission.SEND" >
218-->[com.google.firebase:firebase-messaging:23.0.7] AndroidManifest.xml:35:13-73
219            <intent-filter>
219-->[:react-native-firebase_messaging] AndroidManifest.xml:29:13-31:29
220                <action android:name="com.google.android.c2dm.intent.RECEIVE" />
220-->[:react-native-firebase_messaging] AndroidManifest.xml:30:17-81
220-->[:react-native-firebase_messaging] AndroidManifest.xml:30:25-78
221            </intent-filter>
222        </receiver>
223        <!--
224             FirebaseMessagingService performs security checks at runtime,
225             but set to not exported to explicitly avoid allowing another app to call it.
226        -->
227        <service
227-->[com.google.firebase:firebase-messaging:23.0.7] AndroidManifest.xml:45:9-52:19
228            android:name="com.google.firebase.messaging.FirebaseMessagingService"
228-->[com.google.firebase:firebase-messaging:23.0.7] AndroidManifest.xml:46:13-82
229            android:directBootAware="true"
229-->[com.google.firebase:firebase-messaging:23.0.7] AndroidManifest.xml:47:13-43
230            android:exported="false" >
230-->[com.google.firebase:firebase-messaging:23.0.7] AndroidManifest.xml:48:13-37
231            <intent-filter android:priority="-500" >
231-->src/main/AndroidManifest.xml:59:13-61:29
232                <action android:name="com.google.firebase.MESSAGING_EVENT" />
232-->src/main/AndroidManifest.xml:60:17-78
232-->src/main/AndroidManifest.xml:60:25-75
233            </intent-filter>
234        </service>
235        <service
235-->[com.google.android.datatransport:transport-backend-cct:3.1.6] AndroidManifest.xml:29:9-35:19
236            android:name="com.google.android.datatransport.runtime.backends.TransportBackendDiscovery"
236-->[com.google.android.datatransport:transport-backend-cct:3.1.6] AndroidManifest.xml:30:13-103
237            android:exported="false" >
237-->[com.google.android.datatransport:transport-backend-cct:3.1.6] AndroidManifest.xml:31:13-37
238            <meta-data
238-->[com.google.android.datatransport:transport-backend-cct:3.1.6] AndroidManifest.xml:32:13-34:39
239                android:name="backend:com.google.android.datatransport.cct.CctBackendFactory"
239-->[com.google.android.datatransport:transport-backend-cct:3.1.6] AndroidManifest.xml:33:17-94
240                android:value="cct" />
240-->[com.google.android.datatransport:transport-backend-cct:3.1.6] AndroidManifest.xml:34:17-36
241        </service>
242        <service
242-->[com.google.android.datatransport:transport-runtime:3.1.6] AndroidManifest.xml:26:9-30:19
243            android:name="com.google.android.datatransport.runtime.scheduling.jobscheduling.JobInfoSchedulerService"
243-->[com.google.android.datatransport:transport-runtime:3.1.6] AndroidManifest.xml:27:13-117
244            android:exported="false"
244-->[com.google.android.datatransport:transport-runtime:3.1.6] AndroidManifest.xml:28:13-37
245            android:permission="android.permission.BIND_JOB_SERVICE" >
245-->[com.google.android.datatransport:transport-runtime:3.1.6] AndroidManifest.xml:29:13-69
246        </service>
247
248        <receiver
248-->[com.google.android.datatransport:transport-runtime:3.1.6] AndroidManifest.xml:32:9-34:40
249            android:name="com.google.android.datatransport.runtime.scheduling.jobscheduling.AlarmManagerSchedulerBroadcastReceiver"
249-->[com.google.android.datatransport:transport-runtime:3.1.6] AndroidManifest.xml:33:13-132
250            android:exported="false" />
250-->[com.google.android.datatransport:transport-runtime:3.1.6] AndroidManifest.xml:34:13-37
251
252        <provider
252-->[com.google.firebase:firebase-common:20.1.1] AndroidManifest.xml:26:9-31:39
253            android:name="com.google.firebase.provider.FirebaseInitProvider"
253-->[com.google.firebase:firebase-common:20.1.1] AndroidManifest.xml:27:13-77
254            android:authorities="com.alcare.android.firebaseinitprovider"
254-->[com.google.firebase:firebase-common:20.1.1] AndroidManifest.xml:28:13-72
255            android:directBootAware="true"
255-->[com.google.firebase:firebase-common:20.1.1] AndroidManifest.xml:29:13-43
256            android:exported="false"
256-->[com.google.firebase:firebase-common:20.1.1] AndroidManifest.xml:30:13-37
257            android:initOrder="100" />
257-->[com.google.firebase:firebase-common:20.1.1] AndroidManifest.xml:31:13-36
258
259        <activity
259-->[com.google.android.gms:play-services-auth:20.2.0] AndroidManifest.xml:23:9-27:75
260            android:name="com.google.android.gms.auth.api.signin.internal.SignInHubActivity"
260-->[com.google.android.gms:play-services-auth:20.2.0] AndroidManifest.xml:24:13-93
261            android:excludeFromRecents="true"
261-->[com.google.android.gms:play-services-auth:20.2.0] AndroidManifest.xml:25:13-46
262            android:exported="false"
262-->[com.google.android.gms:play-services-auth:20.2.0] AndroidManifest.xml:26:13-37
263            android:theme="@android:style/Theme.Translucent.NoTitleBar" />
263-->[com.google.android.gms:play-services-auth:20.2.0] AndroidManifest.xml:27:13-72
264        <!--
265            Service handling Google Sign-In user revocation. For apps that do not integrate with